2021-06-17 chore: bump internal marker
2021-06-20 chore: tidy project layout
2021-06-22 refactor: extract shared utility
2021-06-22 docs: update README notes
2021-06-30 test: add coverage for helper
2021-07-04 fix: guard null reference
2021-07-04 fix: handle empty input
2021-07-07 docs: note deployment caveat
2021-07-08 refactor: extract shared utility
2021-07-10 chore: tidy project layout
2021-07-15 chore: tidy project layout
2021-07-17 fix: guard null reference
2021-07-17 chore: bump internal marker
2021-07-20 refactor: extract shared utility
2021-07-20 test: add coverage for helper
2021-07-21 chore: tidy project layout
2021-07-21 docs: clarify setup steps
2021-07-23 fix: patch edge case in config
2021-07-27 refactor: extract shared utility
2021-07-27 chore: tidy project layout
2021-07-30 fix: guard null reference
2021-07-30 chore: sync local changes
2021-07-31 chore: sync local changes
2021-08-01 fix: handle empty input
2021-08-02 test: add coverage for helper
2021-08-04 refactor: extract shared utility
2021-08-05 docs: clarify setup steps
2021-08-07 test: add coverage for helper
2021-08-08 test: add coverage for helper
2021-08-11 chore: tidy project layout
2021-08-11 docs: note deployment caveat
2021-08-17 style: format sources
2021-08-18 fix: patch edge case in config
2021-08-19 test: add coverage for helper
2021-08-20 docs: clarify setup steps
2021-08-20 fix: patch edge case in config
2021-08-21 chore: sync local changes
2021-08-24 chore: sync local changes
2021-09-01 chore: sync local changes
2021-09-01 docs: update README notes
2021-09-01 style: format sources
2021-09-06 fix: guard null reference
2021-09-09 refactor: extract shared utility
2021-09-10 docs: clarify setup steps
2021-09-11 chore: housekeeping
2021-09-12 refactor: extract shared utility
2021-09-12 chore: bump internal marker
2021-09-18 docs: clarify setup steps
2021-09-20 docs: update README notes
